app/build/outputs/logs/manifest-merger-debug-report.txt
-- Merging decision tree log ---
manifest
ADDED from src\main\AndroidManifest.xml:2:1-77:12
	package
		ADDED from src\main\AndroidManifest.xml:3:5-31
		INJECTED from src\main\AndroidManifest.xml
		INJECTED from src\main\AndroidManifest.xml
	android:versionName
		ADDED from src\main\AndroidManifest.xml:5:5-30
		INJECTED from src\main\AndroidManifest.xml
		INJECTED from src\main\AndroidManifest.xml
	android:versionCode
		ADDED from src\main\AndroidManifest.xml:4:5-28
		INJECTED from src\main\AndroidManifest.xml
		INJECTED from src\main\AndroidManifest.xml
	xmlns:android
		ADDED from src\main\AndroidManifest.xml:2:11-69
uses-sdk
ADDED from src\main\AndroidManifest.xml:7:5-9:41
	android:targetSdkVersion
		ADDED from src\main\AndroidManifest.xml:9:9-38
		INJECTED from src\main\AndroidManifest.xml
		INJECTED from src\main\AndroidManifest.xml
	android:minSdkVersion
		ADDED from src\main\AndroidManifest.xml:8:9-34
		INJECTED from src\main\AndroidManifest.xml
		INJECTED from src\main\AndroidManifest.xml
application
ADDED from src\main\AndroidManifest.xml:11:5-75:19
	android:label
		ADDED from src\main\AndroidManifest.xml:14:9-41
	android:allowBackup
		ADDED from src\main\AndroidManifest.xml:12:9-35
	android:icon
		ADDED from src\main\AndroidManifest.xml:13:9-40
	android:theme
		ADDED from src\main\AndroidManifest.xml:15:9-40
activity#my.firstapp.sukh.MainActivity
ADDED from src\main\AndroidManifest.xml:16:9-24:20
	android:label
		ADDED from src\main\AndroidManifest.xml:18:13-45
	android:name
		ADDED from src\main\AndroidManifest.xml:17:13-57
intent-filter#android.intent.action.MAIN+android.intent.category.LAUNCHER
ADDED from src\main\AndroidManifest.xml:19:13-23:29
action#android.intent.action.MAIN
ADDED from src\main\AndroidManifest.xml:20:17-69
	android:name
		ADDED from src\main\AndroidManifest.xml:20:25-66
category#android.intent.category.LAUNCHER
ADDED from src\main\AndroidManifest.xml:22:17-77
	android:name
		ADDED from src\main\AndroidManifest.xml:22:27-74
activity#my.firstapp.sukh.player1
ADDED from src\main\AndroidManifest.xml:25:10-34:20
	android:label
		ADDED from src\main\AndroidManifest.xml:27:13-45
	android:name
		ADDED from src\main\AndroidManifest.xml:26:13-52
intent-filter#android.intent.category.DEFAULT+my.firstapp.sukh.PLAYER1
ADDED from src\main\AndroidManifest.xml:29:13-33:29
action#my.firstapp.sukh.PLAYER1
ADDED from src\main\AndroidManifest.xml:30:17-67
	android:name
		ADDED from src\main\AndroidManifest.xml:30:25-64
category#android.intent.category.DEFAULT
ADDED from src\main\AndroidManifest.xml:32:17-76
	android:name
		ADDED from src\main\AndroidManifest.xml:32:27-73
activity#my.firstapp.sukh.draww
ADDED from src\main\AndroidManifest.xml:35:9-44:20
	android:label
		ADDED from src\main\AndroidManifest.xml:37:13-45
	android:name
		ADDED from src\main\AndroidManifest.xml:36:13-50
intent-filter#android.intent.category.DEFAULT+my.firstapp.sukh.DRAWW
ADDED from src\main\AndroidManifest.xml:39:13-43:29
action#my.firstapp.sukh.DRAWW
ADDED from src\main\AndroidManifest.xml:40:17-65
	android:name
		ADDED from src\main\AndroidManifest.xml:40:25-62
activity#my.firstapp.sukh.player2
ADDED from src\main\AndroidManifest.xml:45:11-54:20
	android:label
		ADDED from src\main\AndroidManifest.xml:47:13-45
	android:name
		ADDED from src\main\AndroidManifest.xml:46:13-52
intent-filter#android.intent.category.DEFAULT+my.firstapp.sukh.PLAYER2
ADDED from src\main\AndroidManifest.xml:49:13-53:29
action#my.firstapp.sukh.PLAYER2
ADDED from src\main\AndroidManifest.xml:50:17-67
	android:name
		ADDED from src\main\AndroidManifest.xml:50:25-64
activity#my.firstapp.sukh.rules
ADDED from src\main\AndroidManifest.xml:55:10-64:20
	android:label
		ADDED from src\main\AndroidManifest.xml:57:13-45
	android:name
		ADDED from src\main\AndroidManifest.xml:56:13-50
intent-filter#android.intent.category.DEFAULT+my.firstapp.sukh.RULES
ADDED from src\main\AndroidManifest.xml:59:13-63:29
action#my.firstapp.sukh.RULES
ADDED from src\main\AndroidManifest.xml:60:17-65
	android:name
		ADDED from src\main\AndroidManifest.xml:60:25-62
activity#my.firstapp.sukh.developer
ADDED from src\main\AndroidManifest.xml:65:10-74:20
	android:label
		ADDED from src\main\AndroidManifest.xml:67:13-45
	android:name
		ADDED from src\main\AndroidManifest.xml:66:13-54
intent-filter#android.intent.category.DEFAULT+my.firstapp.sukh.DEVELOPER
ADDED from src\main\AndroidManifest.xml:69:13-73:29
action#my.firstapp.sukh.DEVELOPER
ADDED from src\main\AndroidManifest.xml:70:17-69
	android:name
		ADDED from src\main\AndroidManifest.xml:70:25-66